before:  3
after:  3
destroy:  3
before:  4
after:  4
before:  7
after:  7
destroy:  4
destroy:  7
before:  3
after:  3
destroy:  3
before:  4
after:  4
before:  7
after:  7
destroy:  4
destroy:  7
before:  2
after:  2
before:  8
after:  8
before:  9
after:  9
before:  10
after:  10
before:  2
after:  2
destroy:  9
destroy:  10
before:  11
after:  11
before:  12
after:  12
before:  13
after:  13
destroy:  12
destroy:  13
before:  14
after:  14
before:  16
after:  16
before:  11
after:  11
before:  3
after:  3
destroy:  3
before:  4
after:  4
before:  7
after:  7
destroy:  4
destroy:  7
before:  2
after:  2
before:  8
after:  8
before:  9
after:  9
before:  10
after:  10
before:  2
after:  2
destroy:  9
destroy:  10
before:  8
after:  8
before:  11
after:  11
before:  12
after:  12
before:  13
after:  13
destroy:  12
destroy:  13
before:  2
after:  2
